<?xml version="1.0" encoding="UTF-8"?>
<testsuite name="com.checkValue.CheckValueForArchitectTest$CheckValue" tests="2" skipped="0" failures="0" errors="0" timestamp="2023-03-30T06:20:55" hostname="M2P-LAP-222" time="0.019">
  <properties/>
  <testcase name="ToCheckIfEqualForInputFor1Cm()" classname="com.checkValue.CheckValueForArchitectTest$CheckValue" time="0.017"/>
  <testcase name="ToCheckIfNotEqualsForInputFor2Cm()" classname="com.checkValue.CheckValueForArchitectTest$CheckValue" time="0.001"/>
  <system-out><![CDATA[]]></system-out>
  <system-err><![CDATA[]]></system-err>
</testsuite>
