<?xml version="1.0" encoding="UTF-8"?>
<testsuite name="com.checkValue.LengthTest$CheckValue" tests="1" skipped="0" failures="0" errors="0" timestamp="2023-03-31T06:37:41" hostname="M2P-LAP-222" time="0.047">
  <properties/>
  <testcase name="toCheckIf200CentiMeterPlus1KilometerTo100200Meter()" classname="com.checkValue.LengthTest$CheckValue" time="0.047"/>
  <system-out><![CDATA[]]></system-out>
  <system-err><![CDATA[]]></system-err>
</testsuite>
