<?xml version="1.0" encoding="UTF-8"?>
<testsuite name="com.checkValue.CheckValueForArchitectTest$CheckValue" tests="6" skipped="0" failures="0" errors="0" timestamp="2023-03-30T09:28:25" hostname="M2P-LAP-222" time="0.154">
  <properties/>
  <testcase name="ToCheckIfEqualForInputFor1Cm()" classname="com.checkValue.CheckValueForArchitectTest$CheckValue" time="0.088"/>
  <testcase name="toCheckIf100CentimeterIsEqualTo0Point1Km()" classname="com.checkValue.CheckValueForArchitectTest$CheckValue" time="0.005"/>
  <testcase name="toCheckIf1MeterIsEqualTo1000Centimeter()" classname="com.checkValue.CheckValueForArchitectTest$CheckValue" time="0.004"/>
  <testcase name="toCheckIf100CentimeterIsNotEqualTo0Point1Km()" classname="com.checkValue.CheckValueForArchitectTest$CheckValue" time="0.006"/>
  <testcase name="toCheckIf1MeterIsEqualTo100Centimeter()" classname="com.checkValue.CheckValueForArchitectTest$CheckValue" time="0.005"/>
  <testcase name="ToCheckIfNotEqualsForInputFor2Cm()" classname="com.checkValue.CheckValueForArchitectTest$CheckValue" time="0.005"/>
  <system-out><![CDATA[]]></system-out>
  <system-err><![CDATA[]]></system-err>
</testsuite>
